<?xml version="1.0" encoding="UTF-8"?>
<testsuite xmlns:xsi="http://www.w3.org/2001/XMLSchema-instance" xsi:noNamespaceSchemaLocation="https://maven.apache.org/surefire/maven-surefire-plugin/xsd/surefire-test-report.xsd" name="arep.TestHttpConnection" time="0.057" tests="6" errors="0" skipped="0" failures="0">
  <properties>
    <property name="awt.toolkit" value="sun.awt.X11.XToolkit"/>
    <property name="java.specification.version" value="11"/>
    <property name="sun.cpu.isalist" value=""/>
    <property name="sun.jnu.encoding" value="UTF-8"/>
    <property name="java.class.path" value="/home/sergio/Documentos/universidad/2023-2/AREP/lab1/AREP_lab1/arep/target/test-classes:/home/sergio/Documentos/universidad/2023-2/AREP/lab1/AREP_lab1/arep/target/classes:/home/sergio/.m2/repository/org/json/json/20230618/json-20230618.jar:/home/sergio/.m2/repository/junit/junit/4.11/junit-4.11.jar:/home/sergio/.m2/repository/org/hamcrest/hamcrest-core/1.3/hamcrest-core-1.3.jar:"/>
    <property name="java.vm.vendor" value="Oracle Corporation"/>
    <property name="sun.arch.data.model" value="64"/>
    <property name="java.vendor.url" value="https://openjdk.java.net/"/>
    <property name="user.timezone" value=""/>
    <property name="java.vm.specification.version" value="11"/>
    <property name="os.name" value="Linux"/>
    <property name="sun.java.launcher" value="SUN_STANDARD"/>
    <property name="user.country" value="CO"/>
    <property name="sun.boot.library.path" value="/usr/lib/jvm/java-11-openjdk/lib"/>
    <property name="sun.java.command" value="/home/sergio/Documentos/universidad/2023-2/AREP/lab1/AREP_lab1/arep/target/surefire/surefirebooter13176450172361938780.jar /home/sergio/Documentos/universidad/2023-2/AREP/lab1/AREP_lab1/arep/target/surefire 2023-08-23T22-24-13_593-jvmRun1 surefire12909887202772338907tmp surefire_09298622053234487379tmp"/>
    <property name="jdk.debug" value="release"/>
    <property name="surefire.test.class.path" value="/home/sergio/Documentos/universidad/2023-2/AREP/lab1/AREP_lab1/arep/target/test-classes:/home/sergio/Documentos/universidad/2023-2/AREP/lab1/AREP_lab1/arep/target/classes:/home/sergio/.m2/repository/org/json/json/20230618/json-20230618.jar:/home/sergio/.m2/repository/junit/junit/4.11/junit-4.11.jar:/home/sergio/.m2/repository/org/hamcrest/hamcrest-core/1.3/hamcrest-core-1.3.jar:"/>
    <property name="sun.cpu.endian" value="little"/>
    <property name="user.home" value="/home/sergio"/>
    <property name="user.language" value="es"/>
    <property name="java.specification.vendor" value="Oracle Corporation"/>
    <property name="java.version.date" value="2023-07-18"/>
    <property name="java.home" value="/usr/lib/jvm/java-11-openjdk"/>
    <property name="file.separator" value="/"/>
    <property name="basedir" value="/home/sergio/Documentos/universidad/2023-2/AREP/lab1/AREP_lab1/arep"/>
    <property name="java.vm.compressedOopsMode" value="Zero based"/>
    <property name="line.separator" value="&#10;"/>
    <property name="java.specification.name" value="Java Platform API Specification"/>
    <property name="java.vm.specification.vendor" value="Oracle Corporation"/>
    <property name="java.awt.graphicsenv" value="sun.awt.X11GraphicsEnvironment"/>
    <property name="surefire.real.class.path" value="/home/sergio/Documentos/universidad/2023-2/AREP/lab1/AREP_lab1/arep/target/surefire/surefirebooter13176450172361938780.jar"/>
    <property name="sun.management.compiler" value="HotSpot 64-Bit Tiered Compilers"/>
    <property name="java.runtime.version" value="11.0.20+8"/>
    <property name="user.name" value="sergio"/>
    <property name="path.separator" value=":"/>
    <property name="os.version" value="5.15.125-1-MANJARO"/>
    <property name="java.runtime.name" value="OpenJDK Runtime Environment"/>
    <property name="file.encoding" value="UTF-8"/>
    <property name="java.vm.name" value="OpenJDK 64-Bit Server VM"/>
    <property name="localRepository" value="/home/sergio/.m2/repository"/>
    <property name="java.vendor.url.bug" value="https://bugreport.java.com/bugreport/"/>
    <property name="java.io.tmpdir" value="/tmp"/>
    <property name="java.version" value="11.0.20"/>
    <property name="user.dir" value="/home/sergio/Documentos/universidad/2023-2/AREP/lab1/AREP_lab1/arep"/>
    <property name="os.arch" value="amd64"/>
    <property name="java.vm.specification.name" value="Java Virtual Machine Specification"/>
    <property name="java.awt.printerjob" value="sun.print.PSPrinterJob"/>
    <property name="sun.os.patch.level" value="unknown"/>
    <property name="java.library.path" value="/usr/java/packages/lib:/usr/lib64:/lib64:/lib:/usr/lib"/>
    <property name="java.vm.info" value="mixed mode"/>
    <property name="java.vendor" value="Oracle Corporation"/>
    <property name="java.vm.version" value="11.0.20+8"/>
    <property name="java.specification.maintenance.version" value="2"/>
    <property name="sun.io.unicode.encoding" value="UnicodeLittle"/>
    <property name="java.class.version" value="55.0"/>
  </properties>
  <testcase name="testIsOnCache_NonExistingTitle" classname="arep.TestHttpConnection" time="0.005"/>
  <testcase name="testIsOnCache_ExistingTitle" classname="arep.TestHttpConnection" time="0.001"/>
  <testcase name="testClear" classname="arep.TestHttpConnection" time="0.001"/>
  <testcase name="testGetMovieDescription_ExistingTitle" classname="arep.TestHttpConnection" time="0.001"/>
  <testcase name="testGetInstance_Singleton" classname="arep.TestHttpConnection" time="0"/>
  <testcase name="testGetMovieDescription_NonExistingTitle" classname="arep.TestHttpConnection" time="0.001"/>
</testsuite>